Case #1: 1 0
Case #2: 1 0
Case #3: 1 1
Case #4: 0 0
Case #5: 500 499
Case #6: 1 0
Case #7: 0 0
Case #8: 0 0
Case #9: 1 0
Case #10: 0 0
Case #11: 1 0
Case #12: 0 0
Case #13: 1 0
Case #14: 0 0
Case #15: 1 1
Case #16: 2 2
Case #17: 0 0
Case #18: 3906 3905
Case #19: 0 0
Case #20: 1 0
Case #21: 249999 249999
Case #22: 0 0
Case #23: 0 0
Case #24: 0 0
Case #25: 0 0
Case #26: 0 0
Case #27: 0 0
Case #28: 0 0
Case #29: 0 0
Case #30: 1 1
Case #31: 0 0
Case #32: 1 0
Case #33: 1 0
Case #34: 0 0
Case #35: 1953 1952
Case #36: 0 0
Case #37: 250000 249999
Case #38: 0 0
Case #39: 0 0
Case #40: 0 0
Case #41: 7812 7811
Case #42: 0 0
Case #43: 3905 3905
Case #44: 1 1
Case #45: 1 0
Case #46: 0 0
Case #47: 0 0
Case #48: 1 0
Case #49: 0 0
Case #50: 0 0
Case #51: 1 0
Case #52: 0 0
Case #53: 0 0
Case #54: 0 0
Case #55: 0 0
Case #56: 0 0
Case #57: 0 0
Case #58: 0 0
Case #59: 0 0
Case #60: 0 0
Case #61: 1 0
Case #62: 0 0
Case #63: 0 0
Case #64: 3 2
Case #65: 1 1
Case #66: 1 0
Case #67: 1 1
Case #68: 0 0
Case #69: 0 0
Case #70: 500000 499999
Case #71: 3 2
Case #72: 1 1
Case #73: 0 0
Case #74: 1 0
Case #75: 1 0
Case #76: 0 0
Case #77: 0 0
Case #78: 1 0
Case #79: 0 0
Case #80: 0 0
Case #81: 1 0
Case #82: 0 0
Case #83: 1 1
Case #84: 1 0
Case #85: 0 0
Case #86: 499999 499999
Case #87: 0 0
Case #88: 0 0
Case #89: 0 0
Case #90: 1 1
Case #91: 3 2
Case #92: 1 1
Case #93: 125000 124999
Case #94: 7812 7811
Case #95: 1 0
Case #96: 3906 3905
Case #97: 250000 249999
Case #98: 1 0
Case #99: 2 1
Case #100: 1 1
