Case #1: 1 0
Case #2: 1 0
Case #3: 1 1
Case #4: 0 0
Case #5: 500 499
Case #6: 499 499
Case #7: 3 2
Case #8: 0 0
Case #9: 0 0
Case #10: 1 0
Case #11: 7 6
Case #12: 0 0
Case #13: 1 1
Case #14: 1 1
Case #15: 0 0
Case #16: 0 0
Case #17: 0 0
Case #18: 0 0
Case #19: 1 1
Case #20: 0 0
Case #21: 1 1
Case #22: 0 0
Case #23: 0 0
Case #24: 7 6
Case #25: 0 0
Case #26: 0 0
Case #27: 1 0
Case #28: 3 3
Case #29: 0 0
Case #30: 0 0
Case #31: 3 3
Case #32: 1 0
Case #33: 1 0
Case #34: 1 1
Case #35: 0 0
Case #36: 0 0
Case #37: 1 0
Case #38: 0 0
Case #39: 1 0
Case #40: 125 124
Case #41: 0 0
Case #42: 0 0
Case #43: 3 2
Case #44: 1 0
Case #45: 0 0
Case #46: 1 0
Case #47: 249 249
Case #48: 1 1
Case #49: 2 1
Case #50: 0 0
Case #51: 0 0
Case #52: 250 249
Case #53: 0 0
Case #54: 1 0
Case #55: 0 0
Case #56: 1 1
Case #57: 1 0
Case #58: 1 0
Case #59: 250 249
Case #60: 0 0
Case #61: 2 2
Case #62: 0 0
Case #63: 0 0
Case #64: 1 0
Case #65: 0 0
Case #66: 0 0
Case #67: 0 0
Case #68: 1 0
Case #69: 1 0
Case #70: 0 0
Case #71: 3 2
Case #72: 1 0
Case #73: 0 0
Case #74: 0 0
Case #75: 1 0
Case #76: 3 3
Case #77: 0 0
Case #78: 0 0
Case #79: 0 0
Case #80: 0 0
Case #81: 3 2
Case #82: 0 0
Case #83: 1 0
Case #84: 0 0
Case #85: 0 0
Case #86: 0 0
Case #87: 3 3
Case #88: 0 0
Case #89: 1 1
Case #90: 1 0
Case #91: 0 0
Case #92: 1 1
Case #93: 0 0
Case #94: 0 0
Case #95: 1 1
Case #96: 1 0
Case #97: 0 0
Case #98: 0 0
Case #99: 0 0
Case #100: 0 0
